  adjacency.cpp
d:\playerium\pg_riglib\burgess\core\burgess\opensource\instantmeshes\src\common.h(25): fatal error C1083: include ファイルを開けません。'Eigen/Core':No such file or directory
  batch.cpp
d:\playerium\pg_riglib\burgess\core\burgess\opensource\instantmeshes\src\common.h(25): fatal error C1083: include ファイルを開けません。'Eigen/Core':No such file or directory
  bvh.cpp
d:\playerium\pg_riglib\burgess\core\burgess\opensource\instantmeshes\src\common.h(25): fatal error C1083: include ファイルを開けません。'Eigen/Core':No such file or directory
  cleanup.cpp
d:\playerium\pg_riglib\burgess\core\burgess\opensource\instantmeshes\src\common.h(25): fatal error C1083: include ファイルを開けません。'Eigen/Core':No such file or directory
  dedge.cpp
d:\playerium\pg_riglib\burgess\core\burgess\opensource\instantmeshes\src\common.h(25): fatal error C1083: include ファイルを開けません。'Eigen/Core':No such file or directory
  diff.cpp
d:\playerium\pg_riglib\burgess\core\burgess\opensource\instantmeshes\src\common.h(25): fatal error C1083: include ファイルを開けません。'Eigen/Core':No such file or directory
  extract.cpp
d:\playerium\pg_riglib\burgess\core\burgess\opensource\instantmeshes\src\common.h(25): fatal error C1083: include ファイルを開けません。'Eigen/Core':No such file or directory
  field.cpp
d:\playerium\pg_riglib\burgess\core\burgess\opensource\instantmeshes\src\common.h(25): fatal error C1083: include ファイルを開けません。'Eigen/Core':No such file or directory
  hierarchy.cpp
d:\playerium\pg_riglib\burgess\core\burgess\opensource\instantmeshes\src\common.h(25): fatal error C1083: include ファイルを開けません。'Eigen/Core':No such file or directory
  meshio.cpp
d:\playerium\pg_riglib\burgess\core\burgess\opensource\instantmeshes\src\common.h(25): fatal error C1083: include ファイルを開けません。'Eigen/Core':No such file or directory
  meshstats.cpp
d:\playerium\pg_riglib\burgess\core\burgess\opensource\instantmeshes\src\common.h(25): fatal error C1083: include ファイルを開けません。'Eigen/Core':No such file or directory
  normal.cpp
d:\playerium\pg_riglib\burgess\core\burgess\opensource\instantmeshes\src\common.h(25): fatal error C1083: include ファイルを開けません。'Eigen/Core':No such file or directory
  reorder.cpp
d:\playerium\pg_riglib\burgess\core\burgess\opensource\instantmeshes\src\common.h(25): fatal error C1083: include ファイルを開けません。'Eigen/Core':No such file or directory
  serializer.cpp
d:\playerium\pg_riglib\burgess\core\burgess\opensource\instantmeshes\src\common.h(25): fatal error C1083: include ファイルを開けません。'Eigen/Core':No such file or directory
  smoothcurve.cpp
d:\playerium\pg_riglib\burgess\core\burgess\opensource\instantmeshes\src\common.h(25): fatal error C1083: include ファイルを開けません。'Eigen/Core':No such file or directory
  subdivide.cpp
d:\playerium\pg_riglib\burgess\core\burgess\opensource\instantmeshes\src\common.h(25): fatal error C1083: include ファイルを開けません。'Eigen/Core':No such file or directory
